<?xml version="1.0" encoding="UTF-8"?>
<!-- Generated by org.testng.reporters.JUnitXMLReporter -->
<testsuite ignored="1" hostname="Rahul" failures="0" tests="2" name="Default test" time="5.092" errors="0" timestamp="2024-08-18T21:25:50 IST">
  <testcase classname="com.petstore.api.tests.PetTest" name="petDataTestWithDataProvider" time="3.464"/>
  <testcase classname="com.petstore.api.tests.PetTest" name="petDataTestWithDataProvider" time="1.381"/>
  <testcase classname="com.petstore.api.tests.PetTest" name="petDataTest" time="0.0">
    <ignored/>
  </testcase> <!-- petDataTest -->
</testsuite> <!-- Default test -->
