<?xml version="1.0" encoding="UTF-8"?>
<!-- Generated by org.testng.reporters.JUnitXMLReporter -->
<testsuite ignored="2" hostname="Rahul" failures="0" tests="1" name="Default test" time="3.813" errors="0" timestamp="2024-06-24T22:36:54 IST">
  <testcase classname="LearningAndRoughWork.PathParamWithQueryPramTest" name="validatePathWithMoreThanOneQueryParamTestWithHamCrestAssertion" time="3.764"/>
  <testcase classname="LearningAndRoughWork.PathParamWithQueryPramTest" name="validatePathWithMoreThanOneQueryParamTestWithTestNGAssertion" time="0.0">
    <ignored/>
  </testcase> <!-- validatePathWithMoreThanOneQueryParamTestWithTestNGAssertion -->
  <testcase classname="LearningAndRoughWork.PathParamWithQueryPramTest" name="validateMoreThanOneQueryParamTest" time="0.0">
    <ignored/>
  </testcase> <!-- validateMoreThanOneQueryParamTest -->
</testsuite> <!-- Default test -->
