<?xml version="1.0" encoding="UTF-8"?>
<testng-results ignored="0" total="2" passed="2" failed="0" skipped="0">
  <reporter-output>
  </reporter-output>
  <suite started-at="2024-08-18T21:25:45 IST" name="Default suite" finished-at="2024-08-18T21:25:50 IST" duration-ms="5092">
    <groups>
    </groups>
    <test started-at="2024-08-18T21:25:45 IST" name="Default test" finished-at="2024-08-18T21:25:50 IST" duration-ms="5092">
      <class name="com.petstore.api.tests.PetTest">
        <test-method signature="petDataTestWithDataProvider(com.petstore.api.POJO.payloads.PetDetails)[pri:0, instance:com.petstore.api.tests.PetTest@13df2a8c]" started-at="2024-08-18T21:25:45 IST" name="petDataTestWithDataProvider" data-provider="petData" finished-at="2024-08-18T21:25:49 IST" duration-ms="3464" status="PASS">
          <params>
            <param index="0">
              <value>
                <![CDATA[com.petstore.api.POJO.payloads.PetDetails@7da34b26]]>
              </value>
            </param>
          </params>
          <reporter-output>
          </reporter-output>
        </test-method> <!-- petDataTestWithDataProvider -->
        <test-method signature="petDataTestWithDataProvider(com.petstore.api.POJO.payloads.PetDetails)[pri:0, instance:com.petstore.api.tests.PetTest@13df2a8c]" started-at="2024-08-18T21:25:49 IST" name="petDataTestWithDataProvider" data-provider="petData" finished-at="2024-08-18T21:25:50 IST" duration-ms="1381" status="PASS">
          <params>
            <param index="0">
              <value>
                <![CDATA[com.petstore.api.POJO.payloads.PetDetails@70aa58e1]]>
              </value>
            </param>
          </params>
          <reporter-output>
          </reporter-output>
        </test-method> <!-- petDataTestWithDataProvider -->
      </class> <!-- com.petstore.api.tests.PetTest -->
    </test> <!-- Default test -->
  </suite> <!-- Default suite -->
</testng-results>
