<?xml version="1.0" encoding="UTF-8"?>
<!-- Generated by org.testng.reporters.JUnitXMLReporter -->
<testsuite ignored="0" hostname="Rahul" failures="0" tests="4" name="PetTests" time="15.799" errors="0" timestamp="2024-06-16T21:33:50 IST">
  <testcase classname="com.petstore.api.tests.UserTests2" name="testPostUser" time="4.844"/>
  <testcase classname="com.petstore.api.tests.UserTests2" name="testGetUserByName" time="3.103"/>
  <testcase classname="com.petstore.api.tests.UserTests2" name="testUpdateUserByName" time="4.323"/>
  <testcase classname="com.petstore.api.tests.UserTests2" name="testDeleteUserByName" time="1.97"/>
</testsuite> <!-- PetTests -->
